Arguments: 
  /usr/local/bin/node /usr/local/Cellar/yarn/1.21.1/libexec/bin/yarn.js add express--save

PATH: 
  /usr/local/bin:/usr/bin:/bin:/usr/sbin:/sbin

Yarn version: 
  1.21.1

Node version: 
  12.14.1

Platform: 
  darwin x64

Trace: 
  Error: https://registry.yarnpkg.com/express--save: Not found
      at Request.params.callback [as _callback] (/usr/local/Cellar/yarn/1.21.1/libexec/lib/cli.js:66947:18)
      at Request.self.callback (/usr/local/Cellar/yarn/1.21.1/libexec/lib/cli.js:140665:22)
      at Request.emit (events.js:223:5)
      at Request.<anonymous> (/usr/local/Cellar/yarn/1.21.1/libexec/lib/cli.js:141637:10)
      at Request.emit (events.js:223:5)
      at IncomingMessage.<anonymous> (/usr/local/Cellar/yarn/1.21.1/libexec/lib/cli.js:141559:12)
      at Object.onceWrapper (events.js:312:28)
      at IncomingMessage.emit (events.js:228:7)
      at endReadableNT (_stream_readable.js:1185:12)
      at processTicksAndRejections (internal/process/task_queues.js:81:21)

npm manifest: 
  {
    "name": "devoff-desafio-2",
    "version": "1.0.0",
    "description": "![](https://static-cdn.jtvnw.net/jtv_user_pictures/fb425ddf-5e67-4c84-9210-8065809675f7-profile_banner-480.png)",
    "main": "index.js",
    "scripts": {
      "test": "echo \"Error: no test specified\" && exit 1"
    },
    "repository": {
      "type": "git",
      "url": "git+https://github.com/alazzuri/DevOff-Desafio-2.git"
    },
    "author": "",
    "license": "ISC",
    "bugs": {
      "url": "https://github.com/alazzuri/DevOff-Desafio-2/issues"
    },
    "homepage": "https://github.com/alazzuri/DevOff-Desafio-2#readme"
  }

yarn manifest: 
  No manifest

Lockfile: 
  No lockfile
